# JRE version: OpenJDK Runtime Environment (21.0.3) (build 21.0.3+-12282718-b509.11)
# Java VM: OpenJDK 64-Bit Server VM (21.0.3+-12282718-b509.11, mixed mode, tiered, compressed oops, compressed class ptrs, g1 gc, windows-amd64)
GC Precious Log:
 CardTable entry size: 512
 Card Set container configuration: InlinePtr #cards 5 size 8 Array Of Cards #cards 12 size 40 Howl #buckets 4 coarsen threshold 1843 Howl Bitmap #cards 512 size 80 coarsen threshold 460 Card regions per heap region 1 cards per card region 2048
 CPUs: 8 total, 8 available
 Memory: 6080M
 Large Page Support: Disabled
 NUMA Support: Disabled
 Compressed Oops: Enabled (32-bit)
 Heap Region Size: 1M
 Heap Min Capacity: 8M
 Heap Initial Capacity: 96M
 Heap Max Capacity: 2G
 Pre-touch: Disabled
 Parallel Workers: 8
 Concurrent Workers: 2
 Concurrent Refinement Workers: 8
 Periodic GC: Disabled
Heap:
 garbage-first heap   total 116736K, used 73562K [0x0000000080000000, 0x0000000100000000)
  region size 1024K, 12 young (12288K), 3 survivors (3072K)
 Metaspace       used 75892K, committed 77696K, reserved 1179648K
  class space    used 10180K, committed 11072K, reserved 1048576K
GC Heap History (20 events):
Event: 20.300 GC heap before
{Heap before GC invocations=12 (full 0):
 garbage-first heap   total 87040K, used 75699K [0x0000000080000000, 0x0000000100000000)
  region size 1024K, 41 young (41984K), 4 survivors (4096K)
 Metaspace       used 56692K, committed 58176K, reserved 1114112K
  class space    used 7783K, committed 8512K, reserved 1048576K
}
Event: 20.307 GC heap after
{Heap after GC invocations=13 (full 0):
 garbage-first heap   total 87040K, used 40200K [0x0000000080000000, 0x0000000100000000)
  region size 1024K, 3 young (3072K), 3 survivors (3072K)
 Metaspace       used 56692K, committed 58176K, reserved 1114112K
  class space    used 7783K, committed 8512K, reserved 1048576K
}
Event: 20.630 GC heap before
{Heap before GC invocations=13 (full 0):
 garbage-first heap   total 87040K, used 49416K [0x0000000080000000, 0x0000000100000000)
  region size 1024K, 13 young (13312K), 3 survivors (3072K)
 Metaspace       used 57941K, committed 59456K, reserved 1114112K
  class space    used 7973K, committed 8704K, reserved 1048576K
}
Event: 20.634 GC heap after
{Heap after GC invocations=14 (full 0):
 garbage-first heap   total 87040K, used 41460K [0x0000000080000000, 0x0000000100000000)
  region size 1024K, 3 young (3072K), 3 survivors (3072K)
 Metaspace       used 57941K, committed 59456K, reserved 1114112K
  class space    used 7973K, committed 8704K, reserved 1048576K
}
Event: 21.016 GC heap before
{Heap before GC invocations=14 (full 0):
 garbage-first heap   total 87040K, used 53748K [0x0000000080000000, 0x0000000100000000)
  region size 1024K, 15 young (15360K), 3 survivors (3072K)
 Metaspace       used 59492K, committed 60928K, reserved 1114112K
  class space    used 8116K, committed 8832K, reserved 1048576K
}
Event: 21.021 GC heap after
{Heap after GC invocations=15 (full 0):
 garbage-first heap   total 104448K, used 41925K [0x0000000080000000, 0x0000000100000000)
  region size 1024K, 5 young (5120K), 5 survivors (5120K)
 Metaspace       used 59492K, committed 60928K, reserved 1114112K
  class space    used 8116K, committed 8832K, reserved 1048576K
}
Event: 22.579 GC heap before
{Heap before GC invocations=16 (full 0):
 garbage-first heap   total 104448K, used 91077K [0x0000000080000000, 0x0000000100000000)
  region size 1024K, 54 young (55296K), 5 survivors (5120K)
 Metaspace       used 62868K, committed 64448K, reserved 1114112K
  class space    used 8638K, committed 9408K, reserved 1048576K
}
Event: 22.591 GC heap after
{Heap after GC invocations=17 (full 0):
 garbage-first heap   total 104448K, used 47485K [0x0000000080000000, 0x0000000100000000)
  region size 1024K, 7 young (7168K), 7 survivors (7168K)
 Metaspace       used 62868K, committed 64448K, reserved 1114112K
  class space    used 8638K, committed 9408K, reserved 1048576K
}
Event: 23.139 GC heap before
{Heap before GC invocations=17 (full 0):
 garbage-first heap   total 104448K, used 89469K [0x0000000080000000, 0x0000000100000000)
  region size 1024K, 49 young (50176K), 7 survivors (7168K)
 Metaspace       used 63373K, committed 64896K, reserved 1114112K
  class space    used 8666K, committed 9408K, reserved 1048576K
}
Event: 23.150 GC heap after
{Heap after GC invocations=18 (full 0):
 garbage-first heap   total 104448K, used 49018K [0x0000000080000000, 0x0000000100000000)
  region size 1024K, 4 young (4096K), 4 survivors (4096K)
 Metaspace       used 63373K, committed 64896K, reserved 1114112K
  class space    used 8666K, committed 9408K, reserved 1048576K
}
Event: 23.546 GC heap before
{Heap before GC invocations=18 (full 0):
 garbage-first heap   total 104448K, used 92026K [0x0000000080000000, 0x0000000100000000)
  region size 1024K, 46 young (47104K), 4 survivors (4096K)
 Metaspace       used 63523K, committed 65088K, reserved 1114112K
  class space    used 8666K, committed 9408K, reserved 1048576K
}
Event: 23.551 GC heap after
{Heap after GC invocations=19 (full 0):
 garbage-first heap   total 104448K, used 49522K [0x0000000080000000, 0x0000000100000000)
  region size 1024K, 5 young (5120K), 5 survivors (5120K)
 Metaspace       used 63523K, committed 65088K, reserved 1114112K
  class space    used 8666K, committed 9408K, reserved 1048576K
}
Event: 23.979 GC heap before
{Heap before GC invocations=19 (full 0):
 garbage-first heap   total 104448K, used 90482K [0x0000000080000000, 0x0000000100000000)
  region size 1024K, 46 young (47104K), 5 survivors (5120K)
 Metaspace       used 63599K, committed 65152K, reserved 1114112K
  class space    used 8667K, committed 9408K, reserved 1048576K
}
Event: 23.987 GC heap after
{Heap after GC invocations=20 (full 0):
 garbage-first heap   total 104448K, used 50441K [0x0000000080000000, 0x0000000100000000)
  region size 1024K, 4 young (4096K), 4 survivors (4096K)
 Metaspace       used 63599K, committed 65152K, reserved 1114112K
  class space    used 8667K, committed 9408K, reserved 1048576K
}
Event: 25.218 GC heap before
{Heap before GC invocations=21 (full 0):
 garbage-first heap   total 104448K, used 99593K [0x0000000080000000, 0x0000000100000000)
  region size 1024K, 46 young (47104K), 4 survivors (4096K)
 Metaspace       used 66325K, committed 67904K, reserved 1114112K
  class space    used 9017K, committed 9792K, reserved 1048576K
}
Event: 25.226 GC heap after
{Heap after GC invocations=22 (full 0):
 garbage-first heap   total 111616K, used 63204K [0x0000000080000000, 0x0000000100000000)
  region size 1024K, 6 young (6144K), 6 survivors (6144K)
 Metaspace       used 66325K, committed 67904K, reserved 1114112K
  class space    used 9017K, committed 9792K, reserved 1048576K
}
Event: 26.214 GC heap before
{Heap before GC invocations=22 (full 0):
 garbage-first heap   total 111616K, used 98020K [0x0000000080000000, 0x0000000100000000)
  region size 1024K, 41 young (41984K), 6 survivors (6144K)
 Metaspace       used 70395K, committed 72064K, reserved 1114112K
  class space    used 9471K, committed 10304K, reserved 1048576K
}
Event: 26.220 GC heap after
{Heap after GC invocations=23 (full 0):
 garbage-first heap   total 111616K, used 64054K [0x0000000080000000, 0x0000000100000000)
  region size 1024K, 1 young (1024K), 1 survivors (1024K)
 Metaspace       used 70395K, committed 72064K, reserved 1114112K
  class space    used 9471K, committed 10304K, reserved 1048576K
}
Event: 27.257 GC heap before
{Heap before GC invocations=23 (full 0):
 garbage-first heap   total 111616K, used 99894K [0x0000000080000000, 0x0000000100000000)
  region size 1024K, 36 young (36864K), 1 survivors (1024K)
 Metaspace       used 74424K, committed 76224K, reserved 1114112K
  class space    used 9993K, committed 10880K, reserved 1048576K
}
Event: 27.263 GC heap after
{Heap after GC invocations=24 (full 0):
 garbage-first heap   total 111616K, used 65370K [0x0000000080000000, 0x0000000100000000)
  region size 1024K, 3 young (3072K), 3 survivors (3072K)
 Metaspace       used 74424K, committed 76224K, reserved 1114112K
  class space    used 9993K, committed 10880K, reserved 1048576K
}

